2020-09-11 19:18:15,803 [Worker-3: Loading available Gradle versions] INFO  o.e.b.c.i.u.g.PublishedGradleVersions - Gradle version information cache is up-to-date. Trying to read.
2020-09-11 19:20:19,351 [Worker-1: Loading available Gradle versions] INFO  o.e.b.c.i.u.g.PublishedGradleVersions - Gradle version information cache is up-to-date. Trying to read.
2020-09-11 19:20:59,632 [Worker-4: Building] INFO  o.e.m.c.i.l.LifecycleMappingFactory - Using org.eclipse.m2e.jdt.JarLifecycleMapping lifecycle mapping for MavenProject: com.litoos11.hola-spring:hola-spring:0.0.1-SNAPSHOT @ /run/media/litoos11/Datos/Webs/eclipse-linux/CursoSpringMicroservicios/hola-spring/pom.xml.
2020-09-11 19:20:59,633 [Worker-13: Updating Maven Dependencies] INFO  o.e.m.c.i.l.LifecycleMappingFactory - Using org.eclipse.m2e.jdt.JarLifecycleMapping lifecycle mapping for MavenProject: com.litoos11.micro.app.zuul:micro-zuul:0.0.1-SNAPSHOT @ /run/media/litoos11/Datos/Webs/eclipse-linux/CursoSpringMicroservicios/micro-zuul/pom.xml.
2020-09-11 19:21:01,440 [Worker-4: Building] INFO  o.e.m.c.i.embedder.EclipseLogger - Using 'UTF-8' encoding to copy filtered resources.
2020-09-11 19:21:01,447 [Worker-4: Building] INFO  o.e.m.c.i.embedder.EclipseLogger - Copying 1 resource
2020-09-11 19:21:01,465 [Worker-4: Building] INFO  o.e.m.c.i.embedder.EclipseLogger - Copying 0 resource
2020-09-11 19:21:01,471 [Worker-4: Building] INFO  o.e.m.c.i.embedder.EclipseLogger - Using 'UTF-8' encoding to copy filtered resources.
2020-09-11 19:21:01,472 [Worker-4: Building] INFO  o.e.m.c.i.embedder.EclipseLogger - skip non existing resourceDirectory /run/media/litoos11/Datos/Webs/eclipse-linux/CursoSpringMicroservicios/hola-spring/src/test/resources
2020-09-11 19:21:02,491 [Worker-7: Building] INFO  o.e.m.c.i.embedder.EclipseLogger - Using 'UTF-8' encoding to copy filtered resources.
2020-09-11 19:21:02,496 [Worker-7: Building] INFO  o.e.m.c.i.embedder.EclipseLogger - Copying 1 resource
2020-09-11 19:21:02,511 [Worker-7: Building] INFO  o.e.m.c.i.embedder.EclipseLogger - Copying 0 resource
2020-09-11 19:21:02,515 [Worker-7: Building] INFO  o.e.m.c.i.embedder.EclipseLogger - Using 'UTF-8' encoding to copy filtered resources.
2020-09-11 19:21:02,515 [Worker-7: Building] INFO  o.e.m.c.i.embedder.EclipseLogger - skip non existing resourceDirectory /run/media/litoos11/Datos/Webs/eclipse-linux/CursoSpringMicroservicios/hola-spring/src/test/resources
2020-09-11 19:21:03,482 [Worker-7: Building] INFO  o.e.m.c.i.l.LifecycleMappingFactory - Using org.eclipse.m2e.jdt.JarLifecycleMapping lifecycle mapping for MavenProject: com.litoos11.micro.commons:micro-commons:0.0.1-SNAPSHOT @ /run/media/litoos11/Datos/Webs/eclipse-linux/CursoSpringMicroservicios/micro-commons/pom.xml.
2020-09-11 19:21:03,993 [Worker-7: Building] INFO  o.e.m.c.i.embedder.EclipseLogger - Using 'UTF-8' encoding to copy filtered resources.
2020-09-11 19:21:03,994 [Worker-7: Building] INFO  o.e.m.c.i.embedder.EclipseLogger - Copying 1 resource
2020-09-11 19:21:03,995 [Worker-7: Building] INFO  o.e.m.c.i.embedder.EclipseLogger - Copying 0 resource
2020-09-11 19:21:03,998 [Worker-7: Building] INFO  o.e.m.c.i.embedder.EclipseLogger - Using 'UTF-8' encoding to copy filtered resources.
2020-09-11 19:21:03,998 [Worker-7: Building] INFO  o.e.m.c.i.embedder.EclipseLogger - skip non existing resourceDirectory /run/media/litoos11/Datos/Webs/eclipse-linux/CursoSpringMicroservicios/micro-commons/src/test/resources
2020-09-11 19:21:04,369 [Worker-7: Building] INFO  o.e.m.c.i.l.LifecycleMappingFactory - Using org.eclipse.m2e.jdt.JarLifecycleMapping lifecycle mapping for MavenProject: com.litoos11.micro.commons.alumnos:micro-commons-alumnos:0.0.1-SNAPSHOT @ /run/media/litoos11/Datos/Webs/eclipse-linux/CursoSpringMicroservicios/micro-commons-alumnos/pom.xml.
2020-09-11 19:21:05,124 [Worker-7: Building] INFO  o.e.m.c.i.embedder.EclipseLogger - Using 'UTF-8' encoding to copy filtered resources.
2020-09-11 19:21:05,125 [Worker-7: Building] INFO  o.e.m.c.i.embedder.EclipseLogger - Copying 1 resource
2020-09-11 19:21:05,129 [Worker-7: Building] INFO  o.e.m.c.i.embedder.EclipseLogger - Copying 0 resource
2020-09-11 19:21:05,131 [Worker-7: Building] INFO  o.e.m.c.i.embedder.EclipseLogger - Using 'UTF-8' encoding to copy filtered resources.
2020-09-11 19:21:05,132 [Worker-7: Building] INFO  o.e.m.c.i.embedder.EclipseLogger - skip non existing resourceDirectory /run/media/litoos11/Datos/Webs/eclipse-linux/CursoSpringMicroservicios/micro-commons-alumnos/src/test/resources
2020-09-11 19:21:05,584 [Worker-7: Building] INFO  o.e.m.c.i.l.LifecycleMappingFactory - Using org.eclipse.m2e.jdt.JarLifecycleMapping lifecycle mapping for MavenProject: com.litoos11.micro.commons.examenes:mirco-commons-examenes:0.0.1-SNAPSHOT @ /run/media/litoos11/Datos/Webs/eclipse-linux/CursoSpringMicroservicios/micro-commons-examenes/pom.xml.
2020-09-11 19:21:06,873 [Worker-7: Building] INFO  o.e.m.c.i.embedder.EclipseLogger - Using 'UTF-8' encoding to copy filtered resources.
2020-09-11 19:21:06,883 [Worker-7: Building] INFO  o.e.m.c.i.embedder.EclipseLogger - Copying 1 resource
2020-09-11 19:21:06,893 [Worker-7: Building] INFO  o.e.m.c.i.embedder.EclipseLogger - Copying 0 resource
2020-09-11 19:21:06,901 [Worker-7: Building] INFO  o.e.m.c.i.embedder.EclipseLogger - Using 'UTF-8' encoding to copy filtered resources.
2020-09-11 19:21:06,901 [Worker-7: Building] INFO  o.e.m.c.i.embedder.EclipseLogger - skip non existing resourceDirectory /run/media/litoos11/Datos/Webs/eclipse-linux/CursoSpringMicroservicios/micro-commons-examenes/src/test/resources
2020-09-11 19:21:07,510 [Worker-7: Building] INFO  o.e.m.c.i.l.LifecycleMappingFactory - Using org.eclipse.m2e.jdt.JarLifecycleMapping lifecycle mapping for MavenProject: com.litoos11.micro.cursos:micro-cursos:0.0.1-SNAPSHOT @ /run/media/litoos11/Datos/Webs/eclipse-linux/CursoSpringMicroservicios/micro-cursos/pom.xml.
2020-09-11 19:21:08,091 [Worker-7: Building] INFO  o.e.m.c.i.p.WorkspaceClassifierResolverManager - Resolving P/micro-commons-alumnos: com.litoos11.micro.commons.alumnos:micro-commons-alumnos:0.0.1-SNAPSHOT with classifier  to /micro-commons-alumnos/target/classes
2020-09-11 19:21:08,092 [Worker-7: Building] INFO  o.e.m.c.i.p.WorkspaceClassifierResolverManager - Resolving P/micro-commons: com.litoos11.micro.commons:micro-commons:0.0.1-SNAPSHOT with classifier  to /micro-commons/target/classes
2020-09-11 19:21:08,099 [Worker-7: Building] INFO  o.e.m.c.i.p.WorkspaceClassifierResolverManager - Resolving P/micro-commons-examenes: com.litoos11.micro.commons.examenes:mirco-commons-examenes:0.0.1-SNAPSHOT with classifier  to /micro-commons-examenes/target/classes
2020-09-11 19:21:09,111 [Worker-7: Building] INFO  o.e.m.c.i.embedder.EclipseLogger - Using 'UTF-8' encoding to copy filtered resources.
2020-09-11 19:21:09,112 [Worker-7: Building] INFO  o.e.m.c.i.embedder.EclipseLogger - Copying 1 resource
2020-09-11 19:21:09,129 [Worker-7: Building] INFO  o.e.m.c.i.embedder.EclipseLogger - Copying 0 resource
2020-09-11 19:21:09,131 [Worker-7: Building] INFO  o.e.m.c.i.embedder.EclipseLogger - Using 'UTF-8' encoding to copy filtered resources.
2020-09-11 19:21:09,131 [Worker-7: Building] INFO  o.e.m.c.i.embedder.EclipseLogger - skip non existing resourceDirectory /run/media/litoos11/Datos/Webs/eclipse-linux/CursoSpringMicroservicios/micro-cursos/src/test/resources
2020-09-11 19:21:09,751 [Worker-7: Building] INFO  o.e.m.c.i.l.LifecycleMappingFactory - Using org.eclipse.m2e.jdt.JarLifecycleMapping lifecycle mapping for MavenProject: com.litoos11.micro.app.eureka:micro-eureka:0.0.1-SNAPSHOT @ /run/media/litoos11/Datos/Webs/eclipse-linux/CursoSpringMicroservicios/micro-eureka/pom.xml.
2020-09-11 19:21:10,463 [Worker-7: Building] INFO  o.e.m.c.i.embedder.EclipseLogger - Using 'UTF-8' encoding to copy filtered resources.
2020-09-11 19:21:10,464 [Worker-7: Building] INFO  o.e.m.c.i.embedder.EclipseLogger - Copying 1 resource
2020-09-11 19:21:10,465 [Worker-7: Building] INFO  o.e.m.c.i.embedder.EclipseLogger - Copying 0 resource
2020-09-11 19:21:10,467 [Worker-7: Building] INFO  o.e.m.c.i.embedder.EclipseLogger - Using 'UTF-8' encoding to copy filtered resources.
2020-09-11 19:21:10,467 [Worker-7: Building] INFO  o.e.m.c.i.embedder.EclipseLogger - skip non existing resourceDirectory /run/media/litoos11/Datos/Webs/eclipse-linux/CursoSpringMicroservicios/micro-eureka/src/test/resources
2020-09-11 19:21:11,092 [Worker-7: Building] INFO  o.e.m.c.i.l.LifecycleMappingFactory - Using org.eclipse.m2e.jdt.JarLifecycleMapping lifecycle mapping for MavenProject: com.litoos11.micro.examenes:mirco-examenes:0.0.1-SNAPSHOT @ /run/media/litoos11/Datos/Webs/eclipse-linux/CursoSpringMicroservicios/micro-examenes/pom.xml.
2020-09-11 19:21:11,410 [Worker-7: Building] INFO  o.e.m.c.i.p.WorkspaceClassifierResolverManager - Resolving P/micro-commons: com.litoos11.micro.commons:micro-commons:0.0.1-SNAPSHOT with classifier  to /micro-commons/target/classes
2020-09-11 19:21:11,411 [Worker-7: Building] INFO  o.e.m.c.i.p.WorkspaceClassifierResolverManager - Resolving P/micro-commons-examenes: com.litoos11.micro.commons.examenes:mirco-commons-examenes:0.0.1-SNAPSHOT with classifier  to /micro-commons-examenes/target/classes
2020-09-11 19:21:11,787 [Worker-7: Building] INFO  o.e.m.c.i.embedder.EclipseLogger - Using 'UTF-8' encoding to copy filtered resources.
2020-09-11 19:21:11,789 [Worker-7: Building] INFO  o.e.m.c.i.embedder.EclipseLogger - Copying 1 resource
2020-09-11 19:21:11,791 [Worker-7: Building] INFO  o.e.m.c.i.embedder.EclipseLogger - Copying 0 resource
2020-09-11 19:21:11,797 [Worker-7: Building] INFO  o.e.m.c.i.embedder.EclipseLogger - Using 'UTF-8' encoding to copy filtered resources.
2020-09-11 19:21:11,797 [Worker-7: Building] INFO  o.e.m.c.i.embedder.EclipseLogger - skip non existing resourceDirectory /run/media/litoos11/Datos/Webs/eclipse-linux/CursoSpringMicroservicios/micro-examenes/src/test/resources
2020-09-11 19:21:12,071 [Worker-10: Updating Maven Dependencies] INFO  o.e.m.c.i.l.LifecycleMappingFactory - Using org.eclipse.m2e.jdt.JarLifecycleMapping lifecycle mapping for MavenProject: com.litoos11.micro.app.zuul:micro-zuul:0.0.1-SNAPSHOT @ /run/media/litoos11/Datos/Webs/eclipse-linux/CursoSpringMicroservicios/micro-zuul/pom.xml.
2020-09-11 19:21:12,507 [Worker-7: Building] INFO  o.e.m.c.i.l.LifecycleMappingFactory - Using org.eclipse.m2e.jdt.JarLifecycleMapping lifecycle mapping for MavenProject: com.litoos11.micro.gateway:micro-gateway:0.0.1-SNAPSHOT @ /run/media/litoos11/Datos/Webs/eclipse-linux/CursoSpringMicroservicios/micro-gateway/pom.xml.
2020-09-11 19:21:13,454 [Worker-7: Building] INFO  o.e.m.c.i.embedder.EclipseLogger - Using 'UTF-8' encoding to copy filtered resources.
2020-09-11 19:21:13,455 [Worker-7: Building] INFO  o.e.m.c.i.embedder.EclipseLogger - Copying 1 resource
2020-09-11 19:21:13,456 [Worker-7: Building] INFO  o.e.m.c.i.embedder.EclipseLogger - Copying 0 resource
2020-09-11 19:21:13,461 [Worker-7: Building] INFO  o.e.m.c.i.embedder.EclipseLogger - Using 'UTF-8' encoding to copy filtered resources.
2020-09-11 19:21:13,461 [Worker-7: Building] INFO  o.e.m.c.i.embedder.EclipseLogger - skip non existing resourceDirectory /run/media/litoos11/Datos/Webs/eclipse-linux/CursoSpringMicroservicios/micro-gateway/src/test/resources
2020-09-11 19:21:14,032 [Worker-9: Building] INFO  o.e.m.c.i.embedder.EclipseLogger - Using 'UTF-8' encoding to copy filtered resources.
2020-09-11 19:21:14,033 [Worker-9: Building] INFO  o.e.m.c.i.embedder.EclipseLogger - Copying 1 resource
2020-09-11 19:21:14,035 [Worker-9: Building] INFO  o.e.m.c.i.embedder.EclipseLogger - Copying 0 resource
2020-09-11 19:21:14,039 [Worker-9: Building] INFO  o.e.m.c.i.embedder.EclipseLogger - Using 'UTF-8' encoding to copy filtered resources.
2020-09-11 19:21:14,039 [Worker-9: Building] INFO  o.e.m.c.i.embedder.EclipseLogger - skip non existing resourceDirectory /run/media/litoos11/Datos/Webs/eclipse-linux/CursoSpringMicroservicios/micro-commons/src/test/resources
2020-09-11 19:21:14,343 [Worker-9: Building] INFO  o.e.m.c.i.embedder.EclipseLogger - Using 'UTF-8' encoding to copy filtered resources.
2020-09-11 19:21:14,344 [Worker-9: Building] INFO  o.e.m.c.i.embedder.EclipseLogger - Copying 1 resource
2020-09-11 19:21:14,346 [Worker-9: Building] INFO  o.e.m.c.i.embedder.EclipseLogger - Copying 0 resource
2020-09-11 19:21:14,350 [Worker-9: Building] INFO  o.e.m.c.i.embedder.EclipseLogger - Using 'UTF-8' encoding to copy filtered resources.
2020-09-11 19:21:14,351 [Worker-9: Building] INFO  o.e.m.c.i.embedder.EclipseLogger - skip non existing resourceDirectory /run/media/litoos11/Datos/Webs/eclipse-linux/CursoSpringMicroservicios/micro-commons-alumnos/src/test/resources
2020-09-11 19:21:14,461 [Worker-9: Building] INFO  o.e.m.c.i.embedder.EclipseLogger - Using 'UTF-8' encoding to copy filtered resources.
2020-09-11 19:21:14,461 [Worker-9: Building] INFO  o.e.m.c.i.embedder.EclipseLogger - Copying 1 resource
2020-09-11 19:21:14,463 [Worker-9: Building] INFO  o.e.m.c.i.embedder.EclipseLogger - Copying 0 resource
2020-09-11 19:21:14,468 [Worker-9: Building] INFO  o.e.m.c.i.embedder.EclipseLogger - Using 'UTF-8' encoding to copy filtered resources.
2020-09-11 19:21:14,468 [Worker-9: Building] INFO  o.e.m.c.i.embedder.EclipseLogger - skip non existing resourceDirectory /run/media/litoos11/Datos/Webs/eclipse-linux/CursoSpringMicroservicios/micro-commons-examenes/src/test/resources
2020-09-11 19:21:14,917 [Worker-10: Updating Maven Dependencies] INFO  o.e.m.c.i.l.LifecycleMappingFactory - Using org.eclipse.m2e.jdt.JarLifecycleMapping lifecycle mapping for MavenProject: com.litoos11.micro.app.zuul:micro-zuul:0.0.1-SNAPSHOT @ /run/media/litoos11/Datos/Webs/eclipse-linux/CursoSpringMicroservicios/micro-zuul/pom.xml.
2020-09-11 19:21:15,474 [Worker-9: Building] INFO  o.e.m.c.i.p.WorkspaceClassifierResolverManager - Resolving P/micro-commons-alumnos: com.litoos11.micro.commons.alumnos:micro-commons-alumnos:0.0.1-SNAPSHOT with classifier  to /micro-commons-alumnos/target/classes
2020-09-11 19:21:15,475 [Worker-9: Building] INFO  o.e.m.c.i.p.WorkspaceClassifierResolverManager - Resolving P/micro-commons: com.litoos11.micro.commons:micro-commons:0.0.1-SNAPSHOT with classifier  to /micro-commons/target/classes
2020-09-11 19:21:15,485 [Worker-9: Building] INFO  o.e.m.c.i.p.WorkspaceClassifierResolverManager - Resolving P/micro-commons-examenes: com.litoos11.micro.commons.examenes:mirco-commons-examenes:0.0.1-SNAPSHOT with classifier  to /micro-commons-examenes/target/classes
2020-09-11 19:21:15,490 [Worker-9: Building] INFO  o.e.m.c.i.embedder.EclipseLogger - Using 'UTF-8' encoding to copy filtered resources.
2020-09-11 19:21:15,491 [Worker-9: Building] INFO  o.e.m.c.i.embedder.EclipseLogger - Copying 1 resource
2020-09-11 19:21:15,492 [Worker-9: Building] INFO  o.e.m.c.i.embedder.EclipseLogger - Copying 0 resource
2020-09-11 19:21:15,495 [Worker-9: Building] INFO  o.e.m.c.i.embedder.EclipseLogger - Using 'UTF-8' encoding to copy filtered resources.
2020-09-11 19:21:15,495 [Worker-9: Building] INFO  o.e.m.c.i.embedder.EclipseLogger - skip non existing resourceDirectory /run/media/litoos11/Datos/Webs/eclipse-linux/CursoSpringMicroservicios/micro-cursos/src/test/resources
2020-09-11 19:21:16,937 [Worker-10: Building] INFO  o.e.m.c.i.embedder.EclipseLogger - Using 'UTF-8' encoding to copy filtered resources.
2020-09-11 19:21:16,937 [Worker-10: Building] INFO  o.e.m.c.i.embedder.EclipseLogger - Copying 1 resource
2020-09-11 19:21:16,938 [Worker-10: Building] INFO  o.e.m.c.i.embedder.EclipseLogger - Copying 0 resource
2020-09-11 19:21:16,941 [Worker-10: Building] INFO  o.e.m.c.i.embedder.EclipseLogger - Using 'UTF-8' encoding to copy filtered resources.
2020-09-11 19:21:16,941 [Worker-10: Building] INFO  o.e.m.c.i.embedder.EclipseLogger - skip non existing resourceDirectory /run/media/litoos11/Datos/Webs/eclipse-linux/CursoSpringMicroservicios/micro-eureka/src/test/resources
2020-09-11 19:21:17,757 [Worker-10: Building] INFO  o.e.m.c.i.p.WorkspaceClassifierResolverManager - Resolving P/micro-commons: com.litoos11.micro.commons:micro-commons:0.0.1-SNAPSHOT with classifier  to /micro-commons/target/classes
2020-09-11 19:21:17,757 [Worker-10: Building] INFO  o.e.m.c.i.p.WorkspaceClassifierResolverManager - Resolving P/micro-commons-examenes: com.litoos11.micro.commons.examenes:mirco-commons-examenes:0.0.1-SNAPSHOT with classifier  to /micro-commons-examenes/target/classes
2020-09-11 19:21:17,767 [Worker-10: Building] INFO  o.e.m.c.i.embedder.EclipseLogger - Using 'UTF-8' encoding to copy filtered resources.
2020-09-11 19:21:17,769 [Worker-10: Building] INFO  o.e.m.c.i.embedder.EclipseLogger - Copying 1 resource
2020-09-11 19:21:17,770 [Worker-10: Building] INFO  o.e.m.c.i.embedder.EclipseLogger - Copying 0 resource
2020-09-11 19:21:17,773 [Worker-10: Building] INFO  o.e.m.c.i.embedder.EclipseLogger - Using 'UTF-8' encoding to copy filtered resources.
2020-09-11 19:21:17,773 [Worker-10: Building] INFO  o.e.m.c.i.embedder.EclipseLogger - skip non existing resourceDirectory /run/media/litoos11/Datos/Webs/eclipse-linux/CursoSpringMicroservicios/micro-examenes/src/test/resources
2020-09-11 19:21:18,342 [Worker-10: Building] INFO  o.e.m.c.i.embedder.EclipseLogger - Using 'UTF-8' encoding to copy filtered resources.
2020-09-11 19:21:18,343 [Worker-10: Building] INFO  o.e.m.c.i.embedder.EclipseLogger - Copying 1 resource
2020-09-11 19:21:18,344 [Worker-10: Building] INFO  o.e.m.c.i.embedder.EclipseLogger - Copying 0 resource
2020-09-11 19:21:18,349 [Worker-10: Building] INFO  o.e.m.c.i.embedder.EclipseLogger - Using 'UTF-8' encoding to copy filtered resources.
2020-09-11 19:21:18,349 [Worker-10: Building] INFO  o.e.m.c.i.embedder.EclipseLogger - skip non existing resourceDirectory /run/media/litoos11/Datos/Webs/eclipse-linux/CursoSpringMicroservicios/micro-gateway/src/test/resources
2020-09-11 19:21:18,681 [Worker-10: Building] INFO  o.e.m.c.i.l.LifecycleMappingFactory - Using org.eclipse.m2e.jdt.JarLifecycleMapping lifecycle mapping for MavenProject: com.litoos11.micro.respuestas:micro-respuestas:0.0.1-SNAPSHOT @ /run/media/litoos11/Datos/Webs/eclipse-linux/CursoSpringMicroservicios/micro-respuestas/pom.xml.
2020-09-11 19:21:19,011 [Worker-10: Building] INFO  o.e.m.c.i.p.WorkspaceClassifierResolverManager - Resolving P/micro-commons-alumnos: com.litoos11.micro.commons.alumnos:micro-commons-alumnos:0.0.1-SNAPSHOT with classifier  to /micro-commons-alumnos/target/classes
2020-09-11 19:21:19,012 [Worker-10: Building] INFO  o.e.m.c.i.p.WorkspaceClassifierResolverManager - Resolving P/micro-commons-examenes: com.litoos11.micro.commons.examenes:mirco-commons-examenes:0.0.1-SNAPSHOT with classifier  to /micro-commons-examenes/target/classes
2020-09-11 19:21:20,092 [Worker-10: Building] INFO  o.e.m.c.i.embedder.EclipseLogger - Using 'UTF-8' encoding to copy filtered resources.
2020-09-11 19:21:20,093 [Worker-10: Building] INFO  o.e.m.c.i.embedder.EclipseLogger - Copying 1 resource
2020-09-11 19:21:20,094 [Worker-10: Building] INFO  o.e.m.c.i.embedder.EclipseLogger - Copying 0 resource
2020-09-11 19:21:20,098 [Worker-10: Building] INFO  o.e.m.c.i.embedder.EclipseLogger - Using 'UTF-8' encoding to copy filtered resources.
2020-09-11 19:21:20,098 [Worker-10: Building] INFO  o.e.m.c.i.embedder.EclipseLogger - skip non existing resourceDirectory /run/media/litoos11/Datos/Webs/eclipse-linux/CursoSpringMicroservicios/micro-respuestas/src/test/resources
2020-09-11 19:21:20,478 [Worker-10: Building] INFO  o.e.m.c.i.l.LifecycleMappingFactory - Using org.eclipse.m2e.jdt.JarLifecycleMapping lifecycle mapping for MavenProject: com.litoos11.micro.app.usuarios:micro-usuarios:0.0.1-SNAPSHOT @ /run/media/litoos11/Datos/Webs/eclipse-linux/CursoSpringMicroservicios/micro-usuarios/pom.xml.
2020-09-11 19:21:20,825 [Worker-10: Building] INFO  o.e.m.c.i.p.WorkspaceClassifierResolverManager - Resolving P/micro-commons-alumnos: com.litoos11.micro.commons.alumnos:micro-commons-alumnos:0.0.1-SNAPSHOT with classifier  to /micro-commons-alumnos/target/classes
2020-09-11 19:21:20,827 [Worker-10: Building] INFO  o.e.m.c.i.p.WorkspaceClassifierResolverManager - Resolving P/micro-commons: com.litoos11.micro.commons:micro-commons:0.0.1-SNAPSHOT with classifier  to /micro-commons/target/classes
2020-09-11 19:21:21,285 [Worker-10: Building] INFO  o.e.m.c.i.embedder.EclipseLogger - Using 'UTF-8' encoding to copy filtered resources.
2020-09-11 19:21:21,289 [Worker-10: Building] INFO  o.e.m.c.i.embedder.EclipseLogger - Copying 1 resource
2020-09-11 19:21:21,306 [Worker-10: Building] INFO  o.e.m.c.i.embedder.EclipseLogger - Copying 0 resource
2020-09-11 19:21:21,308 [Worker-10: Building] INFO  o.e.m.c.i.embedder.EclipseLogger - Using 'UTF-8' encoding to copy filtered resources.
2020-09-11 19:21:21,309 [Worker-10: Building] INFO  o.e.m.c.i.embedder.EclipseLogger - skip non existing resourceDirectory /run/media/litoos11/Datos/Webs/eclipse-linux/CursoSpringMicroservicios/micro-usuarios/src/test/resources
2020-09-11 19:21:21,996 [Worker-10: Building] INFO  o.e.m.c.i.embedder.EclipseLogger - Using 'UTF-8' encoding to copy filtered resources.
2020-09-11 19:21:21,996 [Worker-10: Building] INFO  o.e.m.c.i.embedder.EclipseLogger - Copying 1 resource
2020-09-11 19:21:22,008 [Worker-10: Building] INFO  o.e.m.c.i.embedder.EclipseLogger - Copying 0 resource
2020-09-11 19:21:22,010 [Worker-10: Building] INFO  o.e.m.c.i.embedder.EclipseLogger - Using 'UTF-8' encoding to copy filtered resources.
2020-09-11 19:21:22,011 [Worker-10: Building] INFO  o.e.m.c.i.embedder.EclipseLogger - skip non existing resourceDirectory /run/media/litoos11/Datos/Webs/eclipse-linux/CursoSpringMicroservicios/micro-zuul/src/test/resources
2020-09-11 19:21:23,969 [Worker-10: Building] INFO  o.e.m.c.i.p.WorkspaceClassifierResolverManager - Resolving P/micro-commons-alumnos: com.litoos11.micro.commons.alumnos:micro-commons-alumnos:0.0.1-SNAPSHOT with classifier  to /micro-commons-alumnos/target/classes
2020-09-11 19:21:23,971 [Worker-10: Building] INFO  o.e.m.c.i.p.WorkspaceClassifierResolverManager - Resolving P/micro-commons-examenes: com.litoos11.micro.commons.examenes:mirco-commons-examenes:0.0.1-SNAPSHOT with classifier  to /micro-commons-examenes/target/classes
2020-09-11 19:21:23,992 [Worker-10: Building] INFO  o.e.m.c.i.embedder.EclipseLogger - Using 'UTF-8' encoding to copy filtered resources.
2020-09-11 19:21:23,993 [Worker-10: Building] INFO  o.e.m.c.i.embedder.EclipseLogger - Copying 1 resource
2020-09-11 19:21:23,999 [Worker-10: Building] INFO  o.e.m.c.i.embedder.EclipseLogger - Copying 0 resource
2020-09-11 19:21:24,005 [Worker-10: Building] INFO  o.e.m.c.i.embedder.EclipseLogger - Using 'UTF-8' encoding to copy filtered resources.
2020-09-11 19:21:24,007 [Worker-10: Building] INFO  o.e.m.c.i.embedder.EclipseLogger - skip non existing resourceDirectory /run/media/litoos11/Datos/Webs/eclipse-linux/CursoSpringMicroservicios/micro-respuestas/src/test/resources
2020-09-11 19:21:24,828 [Worker-10: Building] INFO  o.e.m.c.i.p.WorkspaceClassifierResolverManager - Resolving P/micro-commons-alumnos: com.litoos11.micro.commons.alumnos:micro-commons-alumnos:0.0.1-SNAPSHOT with classifier  to /micro-commons-alumnos/target/classes
2020-09-11 19:21:24,829 [Worker-10: Building] INFO  o.e.m.c.i.p.WorkspaceClassifierResolverManager - Resolving P/micro-commons: com.litoos11.micro.commons:micro-commons:0.0.1-SNAPSHOT with classifier  to /micro-commons/target/classes
2020-09-11 19:21:24,847 [Worker-10: Building] INFO  o.e.m.c.i.embedder.EclipseLogger - Using 'UTF-8' encoding to copy filtered resources.
2020-09-11 19:21:24,848 [Worker-10: Building] INFO  o.e.m.c.i.embedder.EclipseLogger - Copying 1 resource
2020-09-11 19:21:24,849 [Worker-10: Building] INFO  o.e.m.c.i.embedder.EclipseLogger - Copying 0 resource
2020-09-11 19:21:24,852 [Worker-10: Building] INFO  o.e.m.c.i.embedder.EclipseLogger - Using 'UTF-8' encoding to copy filtered resources.
2020-09-11 19:21:24,853 [Worker-10: Building] INFO  o.e.m.c.i.embedder.EclipseLogger - skip non existing resourceDirectory /run/media/litoos11/Datos/Webs/eclipse-linux/CursoSpringMicroservicios/micro-usuarios/src/test/resources
2020-09-11 19:22:07,712 [Worker-12: Check for devtools] INFO  o.e.m.c.i.p.WorkspaceClassifierResolverManager - Resolving P/micro-commons-alumnos: com.litoos11.micro.commons.alumnos:micro-commons-alumnos:0.0.1-SNAPSHOT with classifier  to /micro-commons-alumnos/target/classes
2020-09-11 19:22:07,713 [Worker-12: Check for devtools] INFO  o.e.m.c.i.p.WorkspaceClassifierResolverManager - Resolving P/micro-commons: com.litoos11.micro.commons:micro-commons:0.0.1-SNAPSHOT with classifier  to /micro-commons/target/classes
2020-09-11 19:22:07,721 [Worker-12: Check for devtools] INFO  o.e.m.c.i.p.WorkspaceClassifierResolverManager - Resolving P/micro-commons-examenes: com.litoos11.micro.commons.examenes:mirco-commons-examenes:0.0.1-SNAPSHOT with classifier  to /micro-commons-examenes/target/classes
2020-09-11 19:22:15,162 [Worker-12: Launching micro-cursos - MicroCursosApplication] INFO  o.e.m.c.i.p.WorkspaceClassifierResolverManager - Resolving P/micro-commons-alumnos: com.litoos11.micro.commons.alumnos:micro-commons-alumnos:0.0.1-SNAPSHOT with classifier null to /micro-commons-alumnos/target/classes
2020-09-11 19:22:15,163 [Worker-12: Launching micro-cursos - MicroCursosApplication] INFO  o.e.m.c.i.p.WorkspaceClassifierResolverManager - Resolving P/micro-commons: com.litoos11.micro.commons:micro-commons:0.0.1-SNAPSHOT with classifier null to /micro-commons/target/classes
2020-09-11 19:22:15,164 [Worker-12: Launching micro-cursos - MicroCursosApplication] INFO  o.e.m.c.i.p.WorkspaceClassifierResolverManager - Resolving P/micro-commons-examenes: com.litoos11.micro.commons.examenes:mirco-commons-examenes:0.0.1-SNAPSHOT with classifier null to /micro-commons-examenes/target/classes
2020-09-11 19:22:15,551 [Worker-12: Launching micro-cursos - MicroCursosApplication] INFO  o.e.m.c.i.p.WorkspaceClassifierResolverManager - Resolving P/micro-commons-alumnos: com.litoos11.micro.commons.alumnos:micro-commons-alumnos:0.0.1-SNAPSHOT with classifier null to /micro-commons-alumnos/target/classes
2020-09-11 19:22:15,551 [Worker-12: Launching micro-cursos - MicroCursosApplication] INFO  o.e.m.c.i.p.WorkspaceClassifierResolverManager - Resolving P/micro-commons: com.litoos11.micro.commons:micro-commons:0.0.1-SNAPSHOT with classifier null to /micro-commons/target/classes
2020-09-11 19:22:15,552 [Worker-12: Launching micro-cursos - MicroCursosApplication] INFO  o.e.m.c.i.p.WorkspaceClassifierResolverManager - Resolving P/micro-commons-examenes: com.litoos11.micro.commons.examenes:mirco-commons-examenes:0.0.1-SNAPSHOT with classifier null to /micro-commons-examenes/target/classes
2020-09-11 19:22:16,102 [Worker-12: Launching micro-cursos - MicroCursosApplication] INFO  o.e.m.c.i.p.WorkspaceClassifierResolverManager - Resolving P/micro-commons-alumnos: com.litoos11.micro.commons.alumnos:micro-commons-alumnos:0.0.1-SNAPSHOT with classifier null to /micro-commons-alumnos/target/classes
2020-09-11 19:22:16,103 [Worker-12: Launching micro-cursos - MicroCursosApplication] INFO  o.e.m.c.i.p.WorkspaceClassifierResolverManager - Resolving P/micro-commons: com.litoos11.micro.commons:micro-commons:0.0.1-SNAPSHOT with classifier null to /micro-commons/target/classes
2020-09-11 19:22:16,103 [Worker-12: Launching micro-cursos - MicroCursosApplication] INFO  o.e.m.c.i.p.WorkspaceClassifierResolverManager - Resolving P/micro-commons-examenes: com.litoos11.micro.commons.examenes:mirco-commons-examenes:0.0.1-SNAPSHOT with classifier null to /micro-commons-examenes/target/classes
2020-09-11 19:22:25,385 [Worker-8: Check for devtools] INFO  o.e.m.c.i.p.WorkspaceClassifierResolverManager - Resolving P/micro-commons: com.litoos11.micro.commons:micro-commons:0.0.1-SNAPSHOT with classifier  to /micro-commons/target/classes
2020-09-11 19:22:25,386 [Worker-8: Check for devtools] INFO  o.e.m.c.i.p.WorkspaceClassifierResolverManager - Resolving P/micro-commons-examenes: com.litoos11.micro.commons.examenes:mirco-commons-examenes:0.0.1-SNAPSHOT with classifier  to /micro-commons-examenes/target/classes
2020-09-11 19:22:29,538 [Worker-7: Launching micro-examenes - MircoExamenesApplication] INFO  o.e.m.c.i.p.WorkspaceClassifierResolverManager - Resolving P/micro-commons: com.litoos11.micro.commons:micro-commons:0.0.1-SNAPSHOT with classifier null to /micro-commons/target/classes
2020-09-11 19:22:29,539 [Worker-7: Launching micro-examenes - MircoExamenesApplication] INFO  o.e.m.c.i.p.WorkspaceClassifierResolverManager - Resolving P/micro-commons-examenes: com.litoos11.micro.commons.examenes:mirco-commons-examenes:0.0.1-SNAPSHOT with classifier null to /micro-commons-examenes/target/classes
2020-09-11 19:22:29,899 [Worker-7: Launching micro-examenes - MircoExamenesApplication] INFO  o.e.m.c.i.p.WorkspaceClassifierResolverManager - Resolving P/micro-commons: com.litoos11.micro.commons:micro-commons:0.0.1-SNAPSHOT with classifier null to /micro-commons/target/classes
2020-09-11 19:22:29,899 [Worker-7: Launching micro-examenes - MircoExamenesApplication] INFO  o.e.m.c.i.p.WorkspaceClassifierResolverManager - Resolving P/micro-commons-examenes: com.litoos11.micro.commons.examenes:mirco-commons-examenes:0.0.1-SNAPSHOT with classifier null to /micro-commons-examenes/target/classes
2020-09-11 19:22:30,247 [Worker-7: Launching micro-examenes - MircoExamenesApplication] INFO  o.e.m.c.i.p.WorkspaceClassifierResolverManager - Resolving P/micro-commons: com.litoos11.micro.commons:micro-commons:0.0.1-SNAPSHOT with classifier null to /micro-commons/target/classes
2020-09-11 19:22:30,247 [Worker-7: Launching micro-examenes - MircoExamenesApplication] INFO  o.e.m.c.i.p.WorkspaceClassifierResolverManager - Resolving P/micro-commons-examenes: com.litoos11.micro.commons.examenes:mirco-commons-examenes:0.0.1-SNAPSHOT with classifier null to /micro-commons-examenes/target/classes
2020-09-11 19:22:54,637 [Worker-5: Check for devtools] INFO  o.e.m.c.i.p.WorkspaceClassifierResolverManager - Resolving P/micro-commons-alumnos: com.litoos11.micro.commons.alumnos:micro-commons-alumnos:0.0.1-SNAPSHOT with classifier  to /micro-commons-alumnos/target/classes
2020-09-11 19:22:54,638 [Worker-5: Check for devtools] INFO  o.e.m.c.i.p.WorkspaceClassifierResolverManager - Resolving P/micro-commons-examenes: com.litoos11.micro.commons.examenes:mirco-commons-examenes:0.0.1-SNAPSHOT with classifier  to /micro-commons-examenes/target/classes
2020-09-11 19:22:58,657 [Worker-13: Launching micro-respuestas - MircoRespuestasApplication] INFO  o.e.m.c.i.p.WorkspaceClassifierResolverManager - Resolving P/micro-commons-alumnos: com.litoos11.micro.commons.alumnos:micro-commons-alumnos:0.0.1-SNAPSHOT with classifier null to /micro-commons-alumnos/target/classes
2020-09-11 19:22:58,658 [Worker-13: Launching micro-respuestas - MircoRespuestasApplication] INFO  o.e.m.c.i.p.WorkspaceClassifierResolverManager - Resolving P/micro-commons-examenes: com.litoos11.micro.commons.examenes:mirco-commons-examenes:0.0.1-SNAPSHOT with classifier null to /micro-commons-examenes/target/classes
2020-09-11 19:22:59,047 [Worker-13: Launching micro-respuestas - MircoRespuestasApplication] INFO  o.e.m.c.i.p.WorkspaceClassifierResolverManager - Resolving P/micro-commons-alumnos: com.litoos11.micro.commons.alumnos:micro-commons-alumnos:0.0.1-SNAPSHOT with classifier null to /micro-commons-alumnos/target/classes
2020-09-11 19:22:59,047 [Worker-13: Launching micro-respuestas - MircoRespuestasApplication] INFO  o.e.m.c.i.p.WorkspaceClassifierResolverManager - Resolving P/micro-commons-examenes: com.litoos11.micro.commons.examenes:mirco-commons-examenes:0.0.1-SNAPSHOT with classifier null to /micro-commons-examenes/target/classes
2020-09-11 19:22:59,342 [Worker-13: Launching micro-respuestas - MircoRespuestasApplication] INFO  o.e.m.c.i.p.WorkspaceClassifierResolverManager - Resolving P/micro-commons-alumnos: com.litoos11.micro.commons.alumnos:micro-commons-alumnos:0.0.1-SNAPSHOT with classifier null to /micro-commons-alumnos/target/classes
2020-09-11 19:22:59,342 [Worker-13: Launching micro-respuestas - MircoRespuestasApplication] INFO  o.e.m.c.i.p.WorkspaceClassifierResolverManager - Resolving P/micro-commons-examenes: com.litoos11.micro.commons.examenes:mirco-commons-examenes:0.0.1-SNAPSHOT with classifier null to /micro-commons-examenes/target/classes
2020-09-11 19:23:57,462 [Worker-15: Check for devtools] INFO  o.e.m.c.i.p.WorkspaceClassifierResolverManager - Resolving P/micro-commons-alumnos: com.litoos11.micro.commons.alumnos:micro-commons-alumnos:0.0.1-SNAPSHOT with classifier  to /micro-commons-alumnos/target/classes
2020-09-11 19:23:57,463 [Worker-15: Check for devtools] INFO  o.e.m.c.i.p.WorkspaceClassifierResolverManager - Resolving P/micro-commons: com.litoos11.micro.commons:micro-commons:0.0.1-SNAPSHOT with classifier  to /micro-commons/target/classes
2020-09-11 19:24:00,349 [Worker-9: Launching micro-usuarios - MicroUsuariosApplication] INFO  o.e.m.c.i.p.WorkspaceClassifierResolverManager - Resolving P/micro-commons-alumnos: com.litoos11.micro.commons.alumnos:micro-commons-alumnos:0.0.1-SNAPSHOT with classifier null to /micro-commons-alumnos/target/classes
2020-09-11 19:24:00,350 [Worker-9: Launching micro-usuarios - MicroUsuariosApplication] INFO  o.e.m.c.i.p.WorkspaceClassifierResolverManager - Resolving P/micro-commons: com.litoos11.micro.commons:micro-commons:0.0.1-SNAPSHOT with classifier null to /micro-commons/target/classes
2020-09-11 19:24:00,725 [Worker-9: Launching micro-usuarios - MicroUsuariosApplication] INFO  o.e.m.c.i.p.WorkspaceClassifierResolverManager - Resolving P/micro-commons-alumnos: com.litoos11.micro.commons.alumnos:micro-commons-alumnos:0.0.1-SNAPSHOT with classifier null to /micro-commons-alumnos/target/classes
2020-09-11 19:24:00,726 [Worker-9: Launching micro-usuarios - MicroUsuariosApplication] INFO  o.e.m.c.i.p.WorkspaceClassifierResolverManager - Resolving P/micro-commons: com.litoos11.micro.commons:micro-commons:0.0.1-SNAPSHOT with classifier null to /micro-commons/target/classes
2020-09-11 19:24:01,019 [Worker-9: Launching micro-usuarios - MicroUsuariosApplication] INFO  o.e.m.c.i.p.WorkspaceClassifierResolverManager - Resolving P/micro-commons-alumnos: com.litoos11.micro.commons.alumnos:micro-commons-alumnos:0.0.1-SNAPSHOT with classifier null to /micro-commons-alumnos/target/classes
2020-09-11 19:24:01,020 [Worker-9: Launching micro-usuarios - MicroUsuariosApplication] INFO  o.e.m.c.i.p.WorkspaceClassifierResolverManager - Resolving P/micro-commons: com.litoos11.micro.commons:micro-commons:0.0.1-SNAPSHOT with classifier null to /micro-commons/target/classes
